0 info it worked if it ends with ok
1 verbose cli [ '/data/data/com.termux/files/usr/bin/node',
1 verbose cli   '/data/data/com.termux/files/usr/bin/npm',
1 verbose cli   'start' ]
2 info using npm@5.6.0
3 info using node@v9.2.0
4 verbose run-script [ 'prestart', 'start', 'poststart' ]
5 info lifecycle alphat-new-generation@0.6.9~prestart: alphat-new-generation@0.6.9
6 info lifecycle alphat-new-generation@0.6.9~start: alphat-new-generation@0.6.9
7 verbose lifecycle alphat-new-generation@0.6.9~start: unsafe-perm in lifecycle true
8 verbose lifecycle alphat-new-generation@0.6.9~start: PATH: /data/data/com.termux/files/usr/lib/node_modules/npm/node_modules/npm-lifecycle/node-gyp-bin:/data/data/com.termux/files/home/alphat-new-generation/node_modules/.bin:/data/data/com.termux/files/usr/bin:/data/data/com.termux/files/usr/bin/applets
9 verbose lifecycle alphat-new-generation@0.6.9~start: CWD: /data/data/com.termux/files/home/alphat-new-generation
10 silly lifecycle alphat-new-generation@0.6.9~start: Args: [ '-c', 'npm run startx' ]
11 silly lifecycle alphat-new-generation@0.6.9~start: Returned: code: 1  signal: null
12 info lifecycle alphat-new-generation@0.6.9~start: Failed to exec start script
13 verbose stack Error: alphat-new-generation@0.6.9 start: `npm run startx`
13 verbose stack Exit status 1
13 verbose stack     at EventEmitter.<anonymous> (/data/data/com.termux/files/usr/lib/node_modules/npm/node_modules/npm-lifecycle/index.js:285:16)
13 verbose stack     at EventEmitter.emit (events.js:159:13)
13 verbose stack     at ChildProcess.<anonymous> (/data/data/com.termux/files/usr/lib/node_modules/npm/node_modules/npm-lifecycle/lib/spawn.js:55:14)
13 verbose stack     at ChildProcess.emit (events.js:159:13)
13 verbose stack     at maybeClose (internal/child_process.js:943:16)
13 verbose stack     at Process.ChildProcess._handle.onexit (internal/child_process.js:220:5)
14 verbose pkgid alphat-new-generation@0.6.9
15 verbose cwd /data/data/com.termux/files/home/alphat-new-generation/src
16 verbose Linux 3.10.49-perf-g3847dbe
17 verbose argv "/data/data/com.termux/files/usr/bin/node" "/data/data/com.termux/files/usr/bin/npm" "start"
18 verbose node v9.2.0
19 verbose npm  v5.6.0
20 error code ELIFECYCLE
21 error errno 1
22 error alphat-new-generation@0.6.9 start: `npm run startx`
22 error Exit status 1
23 error Failed at the alphat-new-generation@0.6.9 start script.
23 error This is probably not a problem with npm. There is likely additional logging output above.
24 verbose exit [ 1, true ]
